app/build/outputs/logs/manifest-merger-debug-report.txt
-- Merging decision tree log ---
manifest
ADDED from src\main\AndroidManifest.xml:2:1-60:12
	package
		ADDED from src\main\AndroidManifest.xml:3:5-26
		INJECTED from src\main\AndroidManifest.xml
		INJECTED from src\main\AndroidManifest.xml
	android:versionName
		ADDED from src\main\AndroidManifest.xml:5:5-30
		INJECTED from src\main\AndroidManifest.xml
		INJECTED from src\main\AndroidManifest.xml
	android:versionCode
		ADDED from src\main\AndroidManifest.xml:4:5-28
		INJECTED from src\main\AndroidManifest.xml
		INJECTED from src\main\AndroidManifest.xml
	xmlns:android
		ADDED from src\main\AndroidManifest.xml:2:11-69
uses-sdk
ADDED from src\main\AndroidManifest.xml:7:5-9:41
	android:targetSdkVersion
		ADDED from src\main\AndroidManifest.xml:9:9-38
		INJECTED from src\main\AndroidManifest.xml
		INJECTED from src\main\AndroidManifest.xml
	android:minSdkVersion
		ADDED from src\main\AndroidManifest.xml:8:9-34
		INJECTED from src\main\AndroidManifest.xml
		INJECTED from src\main\AndroidManifest.xml
application
ADDED from src\main\AndroidManifest.xml:11:5-58:19
	android:label
		ADDED from src\main\AndroidManifest.xml:14:9-41
	android:allowBackup
		ADDED from src\main\AndroidManifest.xml:12:9-35
	android:icon
		ADDED from src\main\AndroidManifest.xml:13:9-45
	android:theme
		ADDED from src\main\AndroidManifest.xml:15:9-40
activity#com.android.ProjectActivity
ADDED from src\main\AndroidManifest.xml:16:9-24:20
	android:label
		ADDED from src\main\AndroidManifest.xml:18:13-45
	android:name
		ADDED from src\main\AndroidManifest.xml:17:13-55
intent-filter#android.intent.action.MAIN+android.intent.category.LAUNCHER
ADDED from src\main\AndroidManifest.xml:19:13-23:29
action#android.intent.action.MAIN
ADDED from src\main\AndroidManifest.xml:20:17-69
	android:name
		ADDED from src\main\AndroidManifest.xml:20:25-66
category#android.intent.category.LAUNCHER
ADDED from src\main\AndroidManifest.xml:22:17-77
	android:name
		ADDED from src\main\AndroidManifest.xml:22:27-74
activity#com.android.NewAccount
ADDED from src\main\AndroidManifest.xml:25:9-27:15
	android:name
		ADDED from src\main\AndroidManifest.xml:26:13-39
activity#com.android.ListAccount
ADDED from src\main\AndroidManifest.xml:28:9-30:15
	android:name
		ADDED from src\main\AndroidManifest.xml:29:13-40
activity#com.android.AccDetails
ADDED from src\main\AndroidManifest.xml:31:9-33:15
	android:name
		ADDED from src\main\AndroidManifest.xml:32:13-39
activity#com.android.Update
ADDED from src\main\AndroidManifest.xml:34:9-36:15
	android:name
		ADDED from src\main\AndroidManifest.xml:35:13-35
activity#com.android.ViewTransactions
ADDED from src\main\AndroidManifest.xml:37:9-39:15
	android:name
		ADDED from src\main\AndroidManifest.xml:38:13-45
activity#com.android.TransDetails
ADDED from src\main\AndroidManifest.xml:40:9-42:15
	android:name
		ADDED from src\main\AndroidManifest.xml:41:13-41
activity#com.android.Trans
ADDED from src\main\AndroidManifest.xml:43:9-45:15
	android:name
		ADDED from src\main\AndroidManifest.xml:44:13-34
activity#com.android.SrcTrans
ADDED from src\main\AndroidManifest.xml:46:9-48:15
	android:name
		ADDED from src\main\AndroidManifest.xml:47:13-37
activity#com.android.SrchResults
ADDED from src\main\AndroidManifest.xml:49:9-51:15
	android:name
		ADDED from src\main\AndroidManifest.xml:50:13-40
activity#com.android.support
ADDED from src\main\AndroidManifest.xml:52:9-54:15
	android:name
		ADDED from src\main\AndroidManifest.xml:53:13-36
activity#com.android.AddTrans
ADDED from src\main\AndroidManifest.xml:55:9-57:15
	android:name
		ADDED from src\main\AndroidManifest.xml:56:13-37